

Started GET "/" for 127.0.0.1 at 2016-03-02 20:46:53 +0800
Processing by WelcomeController#index as HTML
  Rendered welcome/index.html.erb within layouts/application (4.0ms)
Completed 200 OK in 1707ms (Views: 1656.3ms | ActiveRecord: 0.0ms)


Started GET "/assets/jquery_ujs.js?body=1" for 127.0.0.1 at 2016-03-02 20:46:55 +0800


Started GET "/assets/application.css?body=1" for 127.0.0.1 at 2016-03-02 20:46:55 +0800


Started GET "/assets/welcome.css?body=1" for 127.0.0.1 at 2016-03-02 20:46:56 +0800


Started GET "/assets/jquery.js?body=1" for 127.0.0.1 at 2016-03-02 20:46:56 +0800


Started GET "/assets/turbolinks.js?body=1" for 127.0.0.1 at 2016-03-02 20:46:56 +0800


Started GET "/assets/sessions.css?body=1" for 127.0.0.1 at 2016-03-02 20:46:56 +0800


Started GET "/assets/sessions.js?body=1" for 127.0.0.1 at 2016-03-02 20:46:56 +0800


Started GET "/assets/application.js?body=1" for 127.0.0.1 at 2016-03-02 20:46:56 +0800


Started GET "/assets/welcome.js?body=1" for 127.0.0.1 at 2016-03-02 20:46:56 +0800


Started GET "/login" for 127.0.0.1 at 2016-03-02 20:46:58 +0800
Processing by SessionsController#new as HTML
  Rendered sessions/new.html.erb within layouts/application (1.0ms)
Completed 200 OK in 49ms (Views: 48.0ms | ActiveRecord: 0.0ms)


Started GET "/login" for 127.0.0.1 at 2016-03-02 20:47:08 +0800
Processing by SessionsController#new as HTML
  Rendered sessions/new.html.erb within layouts/application (0.0ms)
Completed 200 OK in 75ms (Views: 74.1ms | ActiveRecord: 0.0ms)


Started GET "/login" for 127.0.0.1 at 2016-03-02 20:47:09 +0800
Processing by SessionsController#new as HTML
  Rendered sessions/new.html.erb within layouts/application (0.0ms)
Completed 200 OK in 71ms (Views: 71.1ms | ActiveRecord: 0.0ms)


Started GET "/login" for 127.0.0.1 at 2016-03-02 20:47:11 +0800
Processing by SessionsController#new as HTML
  Rendered sessions/new.html.erb within layouts/application (0.0ms)
Completed 200 OK in 53ms (Views: 52.0ms | ActiveRecord: 0.0ms)


Started GET "/login" for 127.0.0.1 at 2016-03-02 20:49:46 +0800
Processing by SessionsController#new as HTML
  Rendered sessions/new.html.erb within layouts/application (37.0ms)
Completed 200 OK in 1134ms (Views: 1132.9ms | ActiveRecord: 0.0ms)


Started GET "/assets/jquery_ujs.js?body=1" for 127.0.0.1 at 2016-03-02 20:49:47 +0800


Started GET "/assets/turbolinks.js?body=1" for 127.0.0.1 at 2016-03-02 20:49:47 +0800


Started GET "/assets/application.css?body=1" for 127.0.0.1 at 2016-03-02 20:49:47 +0800


Started GET "/assets/welcome.css?body=1" for 127.0.0.1 at 2016-03-02 20:49:47 +0800


Started GET "/assets/jquery.js?body=1" for 127.0.0.1 at 2016-03-02 20:49:47 +0800


Started GET "/assets/sessions.css?body=1" for 127.0.0.1 at 2016-03-02 20:49:47 +0800


Started GET "/assets/sessions.js?body=1" for 127.0.0.1 at 2016-03-02 20:49:47 +0800


Started GET "/assets/welcome.js?body=1" for 127.0.0.1 at 2016-03-02 20:49:47 +0800


Started GET "/assets/application.js?body=1" for 127.0.0.1 at 2016-03-02 20:49:47 +0800


Started POST "/login" for 127.0.0.1 at 2016-03-02 20:49:49 +0800
Processing by SessionsController#create as HTML
  Parameters: {"utf8"=>"✓", "authenticity_token"=>"wZn3U2ML4mvLC9Imejelp5ghzuhsEVkN2cbH7aITnkA=", "session"=>{"login_name"=>"Aaron.Lu@autodesk.com", "password"=>"[FILTERED]"}, "commit"=>"Sign In"}
Redirected to http://localhost:3000/
Completed 302 Found in 2971ms (ActiveRecord: 0.0ms)


Started GET "/" for 127.0.0.1 at 2016-03-02 20:49:52 +0800
Processing by WelcomeController#index as HTML
  Rendered welcome/index.html.erb within layouts/application (30.0ms)
Completed 500 Internal Server Error in 35ms

ActionView::Template::Error (undefined local variable or method `projects_path' for #<#<Class:0x5bd6628>:0x4225a10>):
    1: <% if session[:login_name].nil? %>
    2: <% else %>
    3:   <div><%= link_to "Show projects", projects_path %></div>
    4: <% end %>
  app/views/welcome/index.html.erb:3:in `_app_views_welcome_index_html_erb___551651027_48332088'


  Rendered C:/RailsInstaller/Ruby2.0.0/lib/ruby/gems/2.0.0/gems/actionpack-4.1.8/lib/action_dispatch/middleware/templates/rescues/_trace.html.erb (1.0ms)
  Rendered C:/RailsInstaller/Ruby2.0.0/lib/ruby/gems/2.0.0/gems/actionpack-4.1.8/lib/action_dispatch/middleware/templates/rescues/_request_and_response.html.erb (1.0ms)
  Rendered C:/RailsInstaller/Ruby2.0.0/lib/ruby/gems/2.0.0/gems/actionpack-4.1.8/lib/action_dispatch/middleware/templates/rescues/template_error.html.erb within rescues/layout (35.0ms)


Started GET "/" for 127.0.0.1 at 2016-03-02 20:54:33 +0800
Processing by WelcomeController#index as HTML
  Rendered welcome/index.html.erb within layouts/application (2.0ms)
Completed 200 OK in 661ms (Views: 651.2ms | ActiveRecord: 0.0ms)


Started GET "/assets/projects.css?body=1" for 127.0.0.1 at 2016-03-02 20:54:34 +0800


Started GET "/assets/jquery_ujs.js?body=1" for 127.0.0.1 at 2016-03-02 20:54:34 +0800


Started GET "/assets/sessions.css?body=1" for 127.0.0.1 at 2016-03-02 20:54:34 +0800


Started GET "/assets/jquery.js?body=1" for 127.0.0.1 at 2016-03-02 20:54:34 +0800


Started GET "/assets/application.css?body=1" for 127.0.0.1 at 2016-03-02 20:54:34 +0800


Started GET "/assets/welcome.css?body=1" for 127.0.0.1 at 2016-03-02 20:54:34 +0800


Started GET "/assets/turbolinks.js?body=1" for 127.0.0.1 at 2016-03-02 20:54:34 +0800


Started GET "/assets/projects.js?body=1" for 127.0.0.1 at 2016-03-02 20:54:34 +0800


Started GET "/assets/welcome.js?body=1" for 127.0.0.1 at 2016-03-02 20:54:34 +0800


Started GET "/assets/sessions.js?body=1" for 127.0.0.1 at 2016-03-02 20:54:34 +0800


Started GET "/assets/application.js?body=1" for 127.0.0.1 at 2016-03-02 20:54:34 +0800


Started GET "/projects" for 127.0.0.1 at 2016-03-02 20:54:38 +0800

AbstractController::ActionNotFound (The action 'index' could not be found for ProjectsController):
  actionpack (4.1.8) lib/abstract_controller/base.rb:131:in `process'
  actionview (4.1.8) lib/action_view/rendering.rb:30:in `process'
  actionpack (4.1.8) lib/action_controller/metal.rb:196:in `dispatch'
  actionpack (4.1.8) lib/action_controller/metal/rack_delegation.rb:13:in `dispatch'
  actionpack (4.1.8) lib/action_controller/metal.rb:232:in `block in action'
  actionpack (4.1.8) lib/action_dispatch/routing/route_set.rb:82:in `call'
  actionpack (4.1.8) lib/action_dispatch/routing/route_set.rb:82:in `dispatch'
  actionpack (4.1.8) lib/action_dispatch/routing/route_set.rb:50:in `call'
  actionpack (4.1.8) lib/action_dispatch/journey/router.rb:73:in `block in call'
  actionpack (4.1.8) lib/action_dispatch/journey/router.rb:59:in `each'
  actionpack (4.1.8) lib/action_dispatch/journey/router.rb:59:in `call'
  actionpack (4.1.8) lib/action_dispatch/routing/route_set.rb:678:in `call'
  rack (1.5.5) lib/rack/etag.rb:23:in `call'
  rack (1.5.5) lib/rack/conditionalget.rb:25:in `call'
  rack (1.5.5) lib/rack/head.rb:11:in `call'
  actionpack (4.1.8) lib/action_dispatch/middleware/params_parser.rb:27:in `call'
  actionpack (4.1.8) lib/action_dispatch/middleware/flash.rb:254:in `call'
  rack (1.5.5) lib/rack/session/abstract/id.rb:225:in `context'
  rack (1.5.5) lib/rack/session/abstract/id.rb:220:in `call'
  actionpack (4.1.8) lib/action_dispatch/middleware/cookies.rb:560:in `call'
  activerecord (4.1.8) lib/active_record/query_cache.rb:36:in `call'
  activerecord (4.1.8) lib/active_record/connection_adapters/abstract/connection_pool.rb:621:in `call'
  activerecord (4.1.8) lib/active_record/migration.rb:380:in `call'
  actionpack (4.1.8) lib/action_dispatch/middleware/callbacks.rb:29:in `block in call'
  activesupport (4.1.8) lib/active_support/callbacks.rb:82:in `run_callbacks'
  actionpack (4.1.8) lib/action_dispatch/middleware/callbacks.rb:27:in `call'
  actionpack (4.1.8) lib/action_dispatch/middleware/reloader.rb:73:in `call'
  actionpack (4.1.8) lib/action_dispatch/middleware/remote_ip.rb:76:in `call'
  actionpack (4.1.8) lib/action_dispatch/middleware/debug_exceptions.rb:17:in `call'
  actionpack (4.1.8) lib/action_dispatch/middleware/show_exceptions.rb:30:in `call'
  railties (4.1.8) lib/rails/rack/logger.rb:38:in `call_app'
  railties (4.1.8) lib/rails/rack/logger.rb:20:in `block in call'
  activesupport (4.1.8) lib/active_support/tagged_logging.rb:68:in `block in tagged'
  activesupport (4.1.8) lib/active_support/tagged_logging.rb:26:in `tagged'
  activesupport (4.1.8) lib/active_support/tagged_logging.rb:68:in `tagged'
  railties (4.1.8) lib/rails/rack/logger.rb:20:in `call'
  actionpack (4.1.8) lib/action_dispatch/middleware/request_id.rb:21:in `call'
  rack (1.5.5) lib/rack/methodoverride.rb:21:in `call'
  rack (1.5.5) lib/rack/runtime.rb:17:in `call'
  activesupport (4.1.8) lib/active_support/cache/strategy/local_cache_middleware.rb:26:in `call'
  rack (1.5.5) lib/rack/lock.rb:17:in `call'
  actionpack (4.1.8) lib/action_dispatch/middleware/static.rb:84:in `call'
  rack (1.5.5) lib/rack/sendfile.rb:112:in `call'
  railties (4.1.8) lib/rails/engine.rb:514:in `call'
  railties (4.1.8) lib/rails/application.rb:144:in `call'
  rack (1.5.5) lib/rack/lock.rb:17:in `call'
  rack (1.5.5) lib/rack/content_length.rb:14:in `call'
  rack (1.5.5) lib/rack/handler/webrick.rb:60:in `service'
  C:/RailsInstaller/Ruby2.0.0/lib/ruby/2.0.0/webrick/httpserver.rb:138:in `service'
  C:/RailsInstaller/Ruby2.0.0/lib/ruby/2.0.0/webrick/httpserver.rb:94:in `run'
  C:/RailsInstaller/Ruby2.0.0/lib/ruby/2.0.0/webrick/server.rb:295:in `block in start_thread'


  Rendered C:/RailsInstaller/Ruby2.0.0/lib/ruby/gems/2.0.0/gems/actionpack-4.1.8/lib/action_dispatch/middleware/templates/rescues/unknown_action.html.erb within rescues/layout (1.0ms)


Started GET "/projects" for 127.0.0.1 at 2016-03-02 20:54:38 +0800

AbstractController::ActionNotFound (The action 'index' could not be found for ProjectsController):
  actionpack (4.1.8) lib/abstract_controller/base.rb:131:in `process'
  actionview (4.1.8) lib/action_view/rendering.rb:30:in `process'
  actionpack (4.1.8) lib/action_controller/metal.rb:196:in `dispatch'
  actionpack (4.1.8) lib/action_controller/metal/rack_delegation.rb:13:in `dispatch'
  actionpack (4.1.8) lib/action_controller/metal.rb:232:in `block in action'
  actionpack (4.1.8) lib/action_dispatch/routing/route_set.rb:82:in `call'
  actionpack (4.1.8) lib/action_dispatch/routing/route_set.rb:82:in `dispatch'
  actionpack (4.1.8) lib/action_dispatch/routing/route_set.rb:50:in `call'
  actionpack (4.1.8) lib/action_dispatch/journey/router.rb:73:in `block in call'
  actionpack (4.1.8) lib/action_dispatch/journey/router.rb:59:in `each'
  actionpack (4.1.8) lib/action_dispatch/journey/router.rb:59:in `call'
  actionpack (4.1.8) lib/action_dispatch/routing/route_set.rb:678:in `call'
  rack (1.5.5) lib/rack/etag.rb:23:in `call'
  rack (1.5.5) lib/rack/conditionalget.rb:25:in `call'
  rack (1.5.5) lib/rack/head.rb:11:in `call'
  actionpack (4.1.8) lib/action_dispatch/middleware/params_parser.rb:27:in `call'
  actionpack (4.1.8) lib/action_dispatch/middleware/flash.rb:254:in `call'
  rack (1.5.5) lib/rack/session/abstract/id.rb:225:in `context'
  rack (1.5.5) lib/rack/session/abstract/id.rb:220:in `call'
  actionpack (4.1.8) lib/action_dispatch/middleware/cookies.rb:560:in `call'
  activerecord (4.1.8) lib/active_record/query_cache.rb:36:in `call'
  activerecord (4.1.8) lib/active_record/connection_adapters/abstract/connection_pool.rb:621:in `call'
  activerecord (4.1.8) lib/active_record/migration.rb:380:in `call'
  actionpack (4.1.8) lib/action_dispatch/middleware/callbacks.rb:29:in `block in call'
  activesupport (4.1.8) lib/active_support/callbacks.rb:82:in `run_callbacks'
  actionpack (4.1.8) lib/action_dispatch/middleware/callbacks.rb:27:in `call'
  actionpack (4.1.8) lib/action_dispatch/middleware/reloader.rb:73:in `call'
  actionpack (4.1.8) lib/action_dispatch/middleware/remote_ip.rb:76:in `call'
  actionpack (4.1.8) lib/action_dispatch/middleware/debug_exceptions.rb:17:in `call'
  actionpack (4.1.8) lib/action_dispatch/middleware/show_exceptions.rb:30:in `call'
  railties (4.1.8) lib/rails/rack/logger.rb:38:in `call_app'
  railties (4.1.8) lib/rails/rack/logger.rb:20:in `block in call'
  activesupport (4.1.8) lib/active_support/tagged_logging.rb:68:in `block in tagged'
  activesupport (4.1.8) lib/active_support/tagged_logging.rb:26:in `tagged'
  activesupport (4.1.8) lib/active_support/tagged_logging.rb:68:in `tagged'
  railties (4.1.8) lib/rails/rack/logger.rb:20:in `call'
  actionpack (4.1.8) lib/action_dispatch/middleware/request_id.rb:21:in `call'
  rack (1.5.5) lib/rack/methodoverride.rb:21:in `call'
  rack (1.5.5) lib/rack/runtime.rb:17:in `call'
  activesupport (4.1.8) lib/active_support/cache/strategy/local_cache_middleware.rb:26:in `call'
  rack (1.5.5) lib/rack/lock.rb:17:in `call'
  actionpack (4.1.8) lib/action_dispatch/middleware/static.rb:84:in `call'
  rack (1.5.5) lib/rack/sendfile.rb:112:in `call'
  railties (4.1.8) lib/rails/engine.rb:514:in `call'
  railties (4.1.8) lib/rails/application.rb:144:in `call'
  rack (1.5.5) lib/rack/lock.rb:17:in `call'
  rack (1.5.5) lib/rack/content_length.rb:14:in `call'
  rack (1.5.5) lib/rack/handler/webrick.rb:60:in `service'
  C:/RailsInstaller/Ruby2.0.0/lib/ruby/2.0.0/webrick/httpserver.rb:138:in `service'
  C:/RailsInstaller/Ruby2.0.0/lib/ruby/2.0.0/webrick/httpserver.rb:94:in `run'
  C:/RailsInstaller/Ruby2.0.0/lib/ruby/2.0.0/webrick/server.rb:295:in `block in start_thread'


  Rendered C:/RailsInstaller/Ruby2.0.0/lib/ruby/gems/2.0.0/gems/actionpack-4.1.8/lib/action_dispatch/middleware/templates/rescues/unknown_action.html.erb within rescues/layout (1.0ms)


Started GET "/projects" for 127.0.0.1 at 2016-03-02 20:55:11 +0800
Processing by ProjectsController#index as HTML
Completed 500 Internal Server Error in 1567ms

ActionView::MissingTemplate (Missing template projects/index, application/index with {:locale=>[:en], :formats=>[:html], :variants=>[], :handlers=>[:erb, :builder, :raw, :ruby, :coffee, :jbuilder]}. Searched in:
  * "D:/VSS/fork/adsk/oh/app/views"
):
  actionview (4.1.8) lib/action_view/path_set.rb:46:in `find'
  actionview (4.1.8) lib/action_view/lookup_context.rb:124:in `find'
  C:in `find_template'
  actionview (4.1.8) lib/action_view/renderer/template_renderer.rb:41:in `determine_template'
  actionview (4.1.8) lib/action_view/renderer/template_renderer.rb:8:in `render'
  actionview (4.1.8) lib/action_view/renderer/renderer.rb:42:in `render_template'
  actionview (4.1.8) lib/action_view/renderer/renderer.rb:23:in `render'
  actionview (4.1.8) lib/action_view/rendering.rb:99:in `_render_template'
  actionpack (4.1.8) lib/action_controller/metal/streaming.rb:217:in `_render_template'
  actionview (4.1.8) lib/action_view/rendering.rb:82:in `render_to_body'
  actionpack (4.1.8) lib/action_controller/metal/rendering.rb:32:in `render_to_body'
  actionpack (4.1.8) lib/action_controller/metal/renderers.rb:32:in `render_to_body'
  actionpack (4.1.8) lib/abstract_controller/rendering.rb:25:in `render'
  actionpack (4.1.8) lib/action_controller/metal/rendering.rb:16:in `render'
  actionpack (4.1.8) lib/action_controller/metal/instrumentation.rb:41:in `block (2 levels) in render'
  activesupport (4.1.8) lib/active_support/core_ext/benchmark.rb:12:in `block in ms'
  C:/RailsInstaller/Ruby2.0.0/lib/ruby/2.0.0/benchmark.rb:296:in `realtime'
  activesupport (4.1.8) lib/active_support/core_ext/benchmark.rb:12:in `ms'
  actionpack (4.1.8) lib/action_controller/metal/instrumentation.rb:41:in `block in render'
  actionpack (4.1.8) lib/action_controller/metal/instrumentation.rb:84:in `cleanup_view_runtime'
  activerecord (4.1.8) lib/active_record/railties/controller_runtime.rb:25:in `cleanup_view_runtime'
  actionpack (4.1.8) lib/action_controller/metal/instrumentation.rb:40:in `render'
  actionpack (4.1.8) lib/action_controller/metal/implicit_render.rb:10:in `default_render'
  actionpack (4.1.8) lib/action_controller/metal/implicit_render.rb:5:in `send_action'
  actionpack (4.1.8) lib/abstract_controller/base.rb:189:in `process_action'
  actionpack (4.1.8) lib/action_controller/metal/rendering.rb:10:in `process_action'
  actionpack (4.1.8) lib/abstract_controller/callbacks.rb:20:in `block in process_action'
  activesupport (4.1.8) lib/active_support/callbacks.rb:113:in `call'
  activesupport (4.1.8) lib/active_support/callbacks.rb:113:in `call'
  activesupport (4.1.8) lib/active_support/callbacks.rb:229:in `block in halting'
  activesupport (4.1.8) lib/active_support/callbacks.rb:229:in `call'
  activesupport (4.1.8) lib/active_support/callbacks.rb:229:in `block in halting'
  activesupport (4.1.8) lib/active_support/callbacks.rb:166:in `call'
  activesupport (4.1.8) lib/active_support/callbacks.rb:166:in `block in halting'
  activesupport (4.1.8) lib/active_support/callbacks.rb:166:in `call'
  activesupport (4.1.8) lib/active_support/callbacks.rb:166:in `block in halting'
  activesupport (4.1.8) lib/active_support/callbacks.rb:166:in `call'
  activesupport (4.1.8) lib/active_support/callbacks.rb:166:in `block in halting'
  activesupport (4.1.8) lib/active_support/callbacks.rb:86:in `call'
  activesupport (4.1.8) lib/active_support/callbacks.rb:86:in `run_callbacks'
  actionpack (4.1.8) lib/abstract_controller/callbacks.rb:19:in `process_action'
  actionpack (4.1.8) lib/action_controller/metal/rescue.rb:29:in `process_action'
  actionpack (4.1.8) lib/action_controller/metal/instrumentation.rb:31:in `block in process_action'
  activesupport (4.1.8) lib/active_support/notifications.rb:159:in `block in instrument'
  activesupport (4.1.8) lib/active_support/notifications/instrumenter.rb:20:in `instrument'
  activesupport (4.1.8) lib/active_support/notifications.rb:159:in `instrument'
  actionpack (4.1.8) lib/action_controller/metal/instrumentation.rb:30:in `process_action'
  actionpack (4.1.8) lib/action_controller/metal/params_wrapper.rb:250:in `process_action'
  activerecord (4.1.8) lib/active_record/railties/controller_runtime.rb:18:in `process_action'
  actionpack (4.1.8) lib/abstract_controller/base.rb:136:in `process'
  actionview (4.1.8) lib/action_view/rendering.rb:30:in `process'
  actionpack (4.1.8) lib/action_controller/metal.rb:196:in `dispatch'
  actionpack (4.1.8) lib/action_controller/metal/rack_delegation.rb:13:in `dispatch'
  actionpack (4.1.8) lib/action_controller/metal.rb:232:in `block in action'
  actionpack (4.1.8) lib/action_dispatch/routing/route_set.rb:82:in `call'
  actionpack (4.1.8) lib/action_dispatch/routing/route_set.rb:82:in `dispatch'
  actionpack (4.1.8) lib/action_dispatch/routing/route_set.rb:50:in `call'
  actionpack (4.1.8) lib/action_dispatch/journey/router.rb:73:in `block in call'
  actionpack (4.1.8) lib/action_dispatch/journey/router.rb:59:in `each'
  actionpack (4.1.8) lib/action_dispatch/journey/router.rb:59:in `call'
  actionpack (4.1.8) lib/action_dispatch/routing/route_set.rb:678:in `call'
  rack (1.5.5) lib/rack/etag.rb:23:in `call'
  rack (1.5.5) lib/rack/conditionalget.rb:25:in `call'
  rack (1.5.5) lib/rack/head.rb:11:in `call'
  actionpack (4.1.8) lib/action_dispatch/middleware/params_parser.rb:27:in `call'
  actionpack (4.1.8) lib/action_dispatch/middleware/flash.rb:254:in `call'
  rack (1.5.5) lib/rack/session/abstract/id.rb:225:in `context'
  rack (1.5.5) lib/rack/session/abstract/id.rb:220:in `call'
  actionpack (4.1.8) lib/action_dispatch/middleware/cookies.rb:560:in `call'
  activerecord (4.1.8) lib/active_record/query_cache.rb:36:in `call'
  activerecord (4.1.8) lib/active_record/connection_adapters/abstract/connection_pool.rb:621:in `call'
  activerecord (4.1.8) lib/active_record/migration.rb:380:in `call'
  actionpack (4.1.8) lib/action_dispatch/middleware/callbacks.rb:29:in `block in call'
  activesupport (4.1.8) lib/active_support/callbacks.rb:82:in `run_callbacks'
  actionpack (4.1.8) lib/action_dispatch/middleware/callbacks.rb:27:in `call'
  actionpack (4.1.8) lib/action_dispatch/middleware/reloader.rb:73:in `call'
  actionpack (4.1.8) lib/action_dispatch/middleware/remote_ip.rb:76:in `call'
  actionpack (4.1.8) lib/action_dispatch/middleware/debug_exceptions.rb:17:in `call'
  actionpack (4.1.8) lib/action_dispatch/middleware/show_exceptions.rb:30:in `call'
  railties (4.1.8) lib/rails/rack/logger.rb:38:in `call_app'
  railties (4.1.8) lib/rails/rack/logger.rb:20:in `block in call'
  activesupport (4.1.8) lib/active_support/tagged_logging.rb:68:in `block in tagged'
  activesupport (4.1.8) lib/active_support/tagged_logging.rb:26:in `tagged'
  activesupport (4.1.8) lib/active_support/tagged_logging.rb:68:in `tagged'
  railties (4.1.8) lib/rails/rack/logger.rb:20:in `call'
  actionpack (4.1.8) lib/action_dispatch/middleware/request_id.rb:21:in `call'
  rack (1.5.5) lib/rack/methodoverride.rb:21:in `call'
  rack (1.5.5) lib/rack/runtime.rb:17:in `call'
  activesupport (4.1.8) lib/active_support/cache/strategy/local_cache_middleware.rb:26:in `call'
  rack (1.5.5) lib/rack/lock.rb:17:in `call'
  actionpack (4.1.8) lib/action_dispatch/middleware/static.rb:84:in `call'
  rack (1.5.5) lib/rack/sendfile.rb:112:in `call'
  railties (4.1.8) lib/rails/engine.rb:514:in `call'
  railties (4.1.8) lib/rails/application.rb:144:in `call'
  rack (1.5.5) lib/rack/lock.rb:17:in `call'
  rack (1.5.5) lib/rack/content_length.rb:14:in `call'
  rack (1.5.5) lib/rack/handler/webrick.rb:60:in `service'
  C:/RailsInstaller/Ruby2.0.0/lib/ruby/2.0.0/webrick/httpserver.rb:138:in `service'
  C:/RailsInstaller/Ruby2.0.0/lib/ruby/2.0.0/webrick/httpserver.rb:94:in `run'
  C:/RailsInstaller/Ruby2.0.0/lib/ruby/2.0.0/webrick/server.rb:295:in `block in start_thread'


  Rendered C:/RailsInstaller/Ruby2.0.0/lib/ruby/gems/2.0.0/gems/actionpack-4.1.8/lib/action_dispatch/middleware/templates/rescues/missing_template.html.erb within rescues/layout (0.0ms)


Started GET "/projects" for 127.0.0.1 at 2016-03-02 20:55:46 +0800
Processing by ProjectsController#index as HTML
  Rendered projects/index.html.erb within layouts/application (2.0ms)
Completed 200 OK in 2012ms (Views: 685.1ms | ActiveRecord: 0.0ms)


Started GET "/assets/projects.css?body=1" for 127.0.0.1 at 2016-03-02 20:55:48 +0800


Started GET "/assets/sessions.css?body=1" for 127.0.0.1 at 2016-03-02 20:55:48 +0800


Started GET "/assets/jquery.js?body=1" for 127.0.0.1 at 2016-03-02 20:55:48 +0800


Started GET "/assets/welcome.css?body=1" for 127.0.0.1 at 2016-03-02 20:55:48 +0800


Started GET "/assets/application.css?body=1" for 127.0.0.1 at 2016-03-02 20:55:48 +0800


Started GET "/assets/turbolinks.js?body=1" for 127.0.0.1 at 2016-03-02 20:55:48 +0800


Started GET "/assets/jquery_ujs.js?body=1" for 127.0.0.1 at 2016-03-02 20:55:48 +0800


Started GET "/assets/projects.js?body=1" for 127.0.0.1 at 2016-03-02 20:55:48 +0800


Started GET "/assets/sessions.js?body=1" for 127.0.0.1 at 2016-03-02 20:55:48 +0800


Started GET "/assets/welcome.js?body=1" for 127.0.0.1 at 2016-03-02 20:55:48 +0800


Started GET "/assets/application.js?body=1" for 127.0.0.1 at 2016-03-02 20:55:48 +0800


Started GET "/projects/1e7e5e8d-fea8-49cd-8e5b-76058f0ee3b6" for 127.0.0.1 at 2016-03-02 20:55:50 +0800
Processing by ProjectsController#show as HTML
  Parameters: {"id"=>"1e7e5e8d-fea8-49cd-8e5b-76058f0ee3b6"}
  Rendered projects/show.html.erb within layouts/application (47.0ms)
Completed 500 Internal Server Error in 1637ms

ActionView::Template::Error (undefined method `model_path' for #<#<Class:0x44c2608>:0x44f1a38>):
    19: <% if folder["folder_contents"] %>
    20:   <% folder["folder_contents"].each do |content| %>
    21:     <tr>
    22:       <td><%= link_to "Details", model_path(content["object_id"]) %></td>
    23:       <td><%= content["object_id"] %></td>
    24:       <td><%= content["type"] %></td>
    25:       <td><%= URI.decode(content["name"]) %></td>
  app/views/projects/show.html.erb:22:in `block (2 levels) in _app_views_projects_show_html_erb__127107001_36143652'
  app/views/projects/show.html.erb:20:in `each'
  app/views/projects/show.html.erb:20:in `block in _app_views_projects_show_html_erb__127107001_36143652'
  app/views/projects/show.html.erb:9:in `each'
  app/views/projects/show.html.erb:9:in `_app_views_projects_show_html_erb__127107001_36143652'


  Rendered C:/RailsInstaller/Ruby2.0.0/lib/ruby/gems/2.0.0/gems/actionpack-4.1.8/lib/action_dispatch/middleware/templates/rescues/_trace.html.erb (0.0ms)
  Rendered C:/RailsInstaller/Ruby2.0.0/lib/ruby/gems/2.0.0/gems/actionpack-4.1.8/lib/action_dispatch/middleware/templates/rescues/_request_and_response.html.erb (1.0ms)
  Rendered C:/RailsInstaller/Ruby2.0.0/lib/ruby/gems/2.0.0/gems/actionpack-4.1.8/lib/action_dispatch/middleware/templates/rescues/template_error.html.erb within rescues/layout (13.0ms)


Started GET "/projects/1e7e5e8d-fea8-49cd-8e5b-76058f0ee3b6" for 127.0.0.1 at 2016-03-02 20:55:52 +0800
Processing by ProjectsController#show as HTML
  Parameters: {"id"=>"1e7e5e8d-fea8-49cd-8e5b-76058f0ee3b6"}
  Rendered projects/show.html.erb within layouts/application (43.0ms)
Completed 500 Internal Server Error in 1465ms

ActionView::Template::Error (undefined method `model_path' for #<#<Class:0x44c2608>:0x4651650>):
    19: <% if folder["folder_contents"] %>
    20:   <% folder["folder_contents"].each do |content| %>
    21:     <tr>
    22:       <td><%= link_to "Details", model_path(content["object_id"]) %></td>
    23:       <td><%= content["object_id"] %></td>
    24:       <td><%= content["type"] %></td>
    25:       <td><%= URI.decode(content["name"]) %></td>
  app/views/projects/show.html.erb:22:in `block (2 levels) in _app_views_projects_show_html_erb__127107001_36864180'
  app/views/projects/show.html.erb:20:in `each'
  app/views/projects/show.html.erb:20:in `block in _app_views_projects_show_html_erb__127107001_36864180'
  app/views/projects/show.html.erb:9:in `each'
  app/views/projects/show.html.erb:9:in `_app_views_projects_show_html_erb__127107001_36864180'


  Rendered C:/RailsInstaller/Ruby2.0.0/lib/ruby/gems/2.0.0/gems/actionpack-4.1.8/lib/action_dispatch/middleware/templates/rescues/_trace.html.erb (1.0ms)
  Rendered C:/RailsInstaller/Ruby2.0.0/lib/ruby/gems/2.0.0/gems/actionpack-4.1.8/lib/action_dispatch/middleware/templates/rescues/_request_and_response.html.erb (0.0ms)
  Rendered C:/RailsInstaller/Ruby2.0.0/lib/ruby/gems/2.0.0/gems/actionpack-4.1.8/lib/action_dispatch/middleware/templates/rescues/template_error.html.erb within rescues/layout (14.0ms)


Started GET "/projects/1e7e5e8d-fea8-49cd-8e5b-76058f0ee3b6" for 127.0.0.1 at 2016-03-02 20:58:03 +0800
Processing by ProjectsController#show as HTML
  Parameters: {"id"=>"1e7e5e8d-fea8-49cd-8e5b-76058f0ee3b6"}
  Rendered projects/show.html.erb within layouts/application (5.0ms)
Completed 200 OK in 2270ms (Views: 711.1ms | ActiveRecord: 0.0ms)


Started GET "/assets/models.css?body=1" for 127.0.0.1 at 2016-03-02 20:58:06 +0800


Started GET "/assets/projects.css?body=1" for 127.0.0.1 at 2016-03-02 20:58:06 +0800


Started GET "/assets/sessions.css?body=1" for 127.0.0.1 at 2016-03-02 20:58:06 +0800


Started GET "/assets/welcome.css?body=1" for 127.0.0.1 at 2016-03-02 20:58:06 +0800


Started GET "/assets/application.css?body=1" for 127.0.0.1 at 2016-03-02 20:58:06 +0800


Started GET "/assets/jquery.js?body=1" for 127.0.0.1 at 2016-03-02 20:58:06 +0800


Started GET "/assets/jquery_ujs.js?body=1" for 127.0.0.1 at 2016-03-02 20:58:06 +0800


Started GET "/assets/turbolinks.js?body=1" for 127.0.0.1 at 2016-03-02 20:58:06 +0800


Started GET "/assets/models.js?body=1" for 127.0.0.1 at 2016-03-02 20:58:06 +0800


Started GET "/assets/projects.js?body=1" for 127.0.0.1 at 2016-03-02 20:58:06 +0800


Started GET "/assets/sessions.js?body=1" for 127.0.0.1 at 2016-03-02 20:58:06 +0800


Started GET "/assets/welcome.js?body=1" for 127.0.0.1 at 2016-03-02 20:58:06 +0800


Started GET "/assets/application.js?body=1" for 127.0.0.1 at 2016-03-02 20:58:06 +0800


Started GET "/models/108dedbf-8c8f-4fe1-838c-be26200f4eb3" for 127.0.0.1 at 2016-03-02 21:00:22 +0800
Processing by ModelsController#show as HTML
  Parameters: {"id"=>"108dedbf-8c8f-4fe1-838c-be26200f4eb3"}
  Rendered models/show.html.erb within layouts/application (4.0ms)
Completed 500 Internal Server Error in 7ms

ActionView::Template::Error (undefined method `[]' for nil:NilClass):
    1: <div id="signin_form">
    2:   <p><%= link_to "[Back to project]", project_path(@model["project_id"]) %></p>
    3:   <h2>Model information</h2>
    4:   <div>Name: <%= URI.decode(@model["model_name"]) %></div>
    5:   <div>Model Id: <%= @model["model_id"] %></div>
  app/views/models/show.html.erb:2:in `_app_views_models_show_html_erb___183243162_36723804'


  Rendered C:/RailsInstaller/Ruby2.0.0/lib/ruby/gems/2.0.0/gems/actionpack-4.1.8/lib/action_dispatch/middleware/templates/rescues/_trace.html.erb (1.0ms)
  Rendered C:/RailsInstaller/Ruby2.0.0/lib/ruby/gems/2.0.0/gems/actionpack-4.1.8/lib/action_dispatch/middleware/templates/rescues/_request_and_response.html.erb (0.0ms)
  Rendered C:/RailsInstaller/Ruby2.0.0/lib/ruby/gems/2.0.0/gems/actionpack-4.1.8/lib/action_dispatch/middleware/templates/rescues/template_error.html.erb within rescues/layout (13.0ms)


Started GET "/models/108dedbf-8c8f-4fe1-838c-be26200f4eb3" for 127.0.0.1 at 2016-03-02 21:00:22 +0800
Processing by ModelsController#show as HTML
  Parameters: {"id"=>"108dedbf-8c8f-4fe1-838c-be26200f4eb3"}
  Rendered models/show.html.erb within layouts/application (2.0ms)
Completed 500 Internal Server Error in 3ms

ActionView::Template::Error (undefined method `[]' for nil:NilClass):
    1: <div id="signin_form">
    2:   <p><%= link_to "[Back to project]", project_path(@model["project_id"]) %></p>
    3:   <h2>Model information</h2>
    4:   <div>Name: <%= URI.decode(@model["model_name"]) %></div>
    5:   <div>Model Id: <%= @model["model_id"] %></div>
  app/views/models/show.html.erb:2:in `_app_views_models_show_html_erb___183243162_49028316'


  Rendered C:/RailsInstaller/Ruby2.0.0/lib/ruby/gems/2.0.0/gems/actionpack-4.1.8/lib/action_dispatch/middleware/templates/rescues/_trace.html.erb (1.0ms)
  Rendered C:/RailsInstaller/Ruby2.0.0/lib/ruby/gems/2.0.0/gems/actionpack-4.1.8/lib/action_dispatch/middleware/templates/rescues/_request_and_response.html.erb (0.0ms)
  Rendered C:/RailsInstaller/Ruby2.0.0/lib/ruby/gems/2.0.0/gems/actionpack-4.1.8/lib/action_dispatch/middleware/templates/rescues/template_error.html.erb within rescues/layout (14.0ms)


Started GET "/projects" for 127.0.0.1 at 2016-03-02 21:00:31 +0800
Processing by ProjectsController#index as HTML
  Rendered projects/index.html.erb within layouts/application (3.0ms)
Completed 200 OK in 2051ms (Views: 457.1ms | ActiveRecord: 0.0ms)


Started GET "/projects" for 127.0.0.1 at 2016-03-02 21:00:33 +0800
Processing by ProjectsController#index as HTML
  Rendered projects/index.html.erb within layouts/application (2.0ms)
Completed 200 OK in 1497ms (Views: 99.0ms | ActiveRecord: 0.0ms)


Started GET "/assets/application.css?body=1" for 127.0.0.1 at 2016-03-02 21:00:35 +0800


Started GET "/assets/models.css?body=1" for 127.0.0.1 at 2016-03-02 21:00:35 +0800


Started GET "/assets/sessions.css?body=1" for 127.0.0.1 at 2016-03-02 21:00:35 +0800


Started GET "/assets/projects.css?body=1" for 127.0.0.1 at 2016-03-02 21:00:35 +0800


Started GET "/assets/welcome.css?body=1" for 127.0.0.1 at 2016-03-02 21:00:35 +0800


Started GET "/assets/glue_views.css?body=1" for 127.0.0.1 at 2016-03-02 21:00:35 +0800


Started GET "/assets/jquery.js?body=1" for 127.0.0.1 at 2016-03-02 21:00:35 +0800


Started GET "/assets/jquery_ujs.js?body=1" for 127.0.0.1 at 2016-03-02 21:00:35 +0800


Started GET "/assets/turbolinks.js?body=1" for 127.0.0.1 at 2016-03-02 21:00:35 +0800


Started GET "/assets/glue_views.js?body=1" for 127.0.0.1 at 2016-03-02 21:00:35 +0800


Started GET "/assets/projects.js?body=1" for 127.0.0.1 at 2016-03-02 21:00:35 +0800


Started GET "/assets/sessions.js?body=1" for 127.0.0.1 at 2016-03-02 21:00:35 +0800


Started GET "/assets/models.js?body=1" for 127.0.0.1 at 2016-03-02 21:00:35 +0800


Started GET "/assets/application.js?body=1" for 127.0.0.1 at 2016-03-02 21:00:35 +0800


Started GET "/assets/welcome.js?body=1" for 127.0.0.1 at 2016-03-02 21:00:35 +0800


Started GET "/projects/1e7e5e8d-fea8-49cd-8e5b-76058f0ee3b6" for 127.0.0.1 at 2016-03-02 21:00:36 +0800
Processing by ProjectsController#show as HTML
  Parameters: {"id"=>"1e7e5e8d-fea8-49cd-8e5b-76058f0ee3b6"}
  Rendered projects/show.html.erb within layouts/application (2.0ms)
Completed 200 OK in 1476ms (Views: 88.0ms | ActiveRecord: 0.0ms)


Started GET "/models/108dedbf-8c8f-4fe1-838c-be26200f4eb3" for 127.0.0.1 at 2016-03-02 21:00:41 +0800
Processing by ModelsController#show as HTML
  Parameters: {"id"=>"108dedbf-8c8f-4fe1-838c-be26200f4eb3"}
  Rendered models/show.html.erb within layouts/application (2.0ms)
Completed 500 Internal Server Error in 4ms

ActionView::Template::Error (undefined method `[]' for nil:NilClass):
    1: <div id="signin_form">
    2:   <p><%= link_to "[Back to project]", project_path(@model["project_id"]) %></p>
    3:   <h2>Model information</h2>
    4:   <div>Name: <%= URI.decode(@model["model_name"]) %></div>
    5:   <div>Model Id: <%= @model["model_id"] %></div>
  app/views/models/show.html.erb:2:in `_app_views_models_show_html_erb___183243162_36723804'


  Rendered C:/RailsInstaller/Ruby2.0.0/lib/ruby/gems/2.0.0/gems/actionpack-4.1.8/lib/action_dispatch/middleware/templates/rescues/_trace.html.erb (0.0ms)
  Rendered C:/RailsInstaller/Ruby2.0.0/lib/ruby/gems/2.0.0/gems/actionpack-4.1.8/lib/action_dispatch/middleware/templates/rescues/_request_and_response.html.erb (1.0ms)
  Rendered C:/RailsInstaller/Ruby2.0.0/lib/ruby/gems/2.0.0/gems/actionpack-4.1.8/lib/action_dispatch/middleware/templates/rescues/template_error.html.erb within rescues/layout (13.0ms)


Started GET "/models/108dedbf-8c8f-4fe1-838c-be26200f4eb3" for 127.0.0.1 at 2016-03-02 21:00:41 +0800
Processing by ModelsController#show as HTML
  Parameters: {"id"=>"108dedbf-8c8f-4fe1-838c-be26200f4eb3"}
  Rendered models/show.html.erb within layouts/application (1.0ms)
Completed 500 Internal Server Error in 3ms

ActionView::Template::Error (undefined method `[]' for nil:NilClass):
    1: <div id="signin_form">
    2:   <p><%= link_to "[Back to project]", project_path(@model["project_id"]) %></p>
    3:   <h2>Model information</h2>
    4:   <div>Name: <%= URI.decode(@model["model_name"]) %></div>
    5:   <div>Model Id: <%= @model["model_id"] %></div>
  app/views/models/show.html.erb:2:in `_app_views_models_show_html_erb___183243162_49028316'


  Rendered C:/RailsInstaller/Ruby2.0.0/lib/ruby/gems/2.0.0/gems/actionpack-4.1.8/lib/action_dispatch/middleware/templates/rescues/_trace.html.erb (1.0ms)
  Rendered C:/RailsInstaller/Ruby2.0.0/lib/ruby/gems/2.0.0/gems/actionpack-4.1.8/lib/action_dispatch/middleware/templates/rescues/_request_and_response.html.erb (0.0ms)
  Rendered C:/RailsInstaller/Ruby2.0.0/lib/ruby/gems/2.0.0/gems/actionpack-4.1.8/lib/action_dispatch/middleware/templates/rescues/template_error.html.erb within rescues/layout (14.0ms)


Started GET "/" for 127.0.0.1 at 2016-03-02 21:01:29 +0800
Processing by WelcomeController#index as HTML
  Rendered welcome/index.html.erb within layouts/application (1.0ms)
Completed 200 OK in 88ms (Views: 86.0ms | ActiveRecord: 0.0ms)


Started GET "/assets/projects.css?body=1" for 127.0.0.1 at 2016-03-02 21:01:29 +0800


Started GET "/assets/sessions.css?body=1" for 127.0.0.1 at 2016-03-02 21:01:30 +0800


Started GET "/assets/welcome.css?body=1" for 127.0.0.1 at 2016-03-02 21:01:30 +0800


Started GET "/assets/models.css?body=1" for 127.0.0.1 at 2016-03-02 21:01:30 +0800


Started GET "/assets/application.css?body=1" for 127.0.0.1 at 2016-03-02 21:01:30 +0800


Started GET "/assets/glue_views.css?body=1" for 127.0.0.1 at 2016-03-02 21:01:30 +0800


Started GET "/assets/jquery.js?body=1" for 127.0.0.1 at 2016-03-02 21:01:30 +0800


Started GET "/assets/jquery_ujs.js?body=1" for 127.0.0.1 at 2016-03-02 21:01:30 +0800


Started GET "/assets/turbolinks.js?body=1" for 127.0.0.1 at 2016-03-02 21:01:30 +0800


Started GET "/assets/glue_views.js?body=1" for 127.0.0.1 at 2016-03-02 21:01:30 +0800


Started GET "/assets/models.js?body=1" for 127.0.0.1 at 2016-03-02 21:01:30 +0800


Started GET "/assets/projects.js?body=1" for 127.0.0.1 at 2016-03-02 21:01:30 +0800


Started GET "/assets/sessions.js?body=1" for 127.0.0.1 at 2016-03-02 21:01:30 +0800


Started GET "/assets/welcome.js?body=1" for 127.0.0.1 at 2016-03-02 21:01:30 +0800


Started GET "/assets/application.js?body=1" for 127.0.0.1 at 2016-03-02 21:01:30 +0800


Started GET "/projects" for 127.0.0.1 at 2016-03-02 21:01:32 +0800
Processing by ProjectsController#index as HTML
  Rendered projects/index.html.erb within layouts/application (1.0ms)
Completed 200 OK in 1589ms (Views: 112.0ms | ActiveRecord: 0.0ms)


Started GET "/projects/1e7e5e8d-fea8-49cd-8e5b-76058f0ee3b6" for 127.0.0.1 at 2016-03-02 21:01:35 +0800
Processing by ProjectsController#show as HTML
  Parameters: {"id"=>"1e7e5e8d-fea8-49cd-8e5b-76058f0ee3b6"}
  Rendered projects/show.html.erb within layouts/application (3.0ms)
Completed 200 OK in 1600ms (Views: 103.0ms | ActiveRecord: 0.0ms)


Started GET "/models/108dedbf-8c8f-4fe1-838c-be26200f4eb3" for 127.0.0.1 at 2016-03-02 21:01:40 +0800
Processing by ModelsController#show as HTML
  Parameters: {"id"=>"108dedbf-8c8f-4fe1-838c-be26200f4eb3"}
  Rendered models/show.html.erb within layouts/application (1.0ms)
Completed 500 Internal Server Error in 6ms

ActionView::Template::Error (undefined method `[]' for nil:NilClass):
    1: <div id="signin_form">
    2:   <p><%= link_to "[Back to project]", project_path(@model["project_id"]) %></p>
    3:   <h2>Model information</h2>
    4:   <div>Name: <%= URI.decode(@model["model_name"]) %></div>
    5:   <div>Model Id: <%= @model["model_id"] %></div>
  app/views/models/show.html.erb:2:in `_app_views_models_show_html_erb___183243162_36723804'


  Rendered C:/RailsInstaller/Ruby2.0.0/lib/ruby/gems/2.0.0/gems/actionpack-4.1.8/lib/action_dispatch/middleware/templates/rescues/_trace.html.erb (1.0ms)
  Rendered C:/RailsInstaller/Ruby2.0.0/lib/ruby/gems/2.0.0/gems/actionpack-4.1.8/lib/action_dispatch/middleware/templates/rescues/_request_and_response.html.erb (1.0ms)
  Rendered C:/RailsInstaller/Ruby2.0.0/lib/ruby/gems/2.0.0/gems/actionpack-4.1.8/lib/action_dispatch/middleware/templates/rescues/template_error.html.erb within rescues/layout (18.0ms)


Started GET "/models/108dedbf-8c8f-4fe1-838c-be26200f4eb3" for 127.0.0.1 at 2016-03-02 21:01:40 +0800
Processing by ModelsController#show as HTML
  Parameters: {"id"=>"108dedbf-8c8f-4fe1-838c-be26200f4eb3"}
  Rendered models/show.html.erb within layouts/application (0.0ms)
Completed 500 Internal Server Error in 2ms

ActionView::Template::Error (undefined method `[]' for nil:NilClass):
    1: <div id="signin_form">
    2:   <p><%= link_to "[Back to project]", project_path(@model["project_id"]) %></p>
    3:   <h2>Model information</h2>
    4:   <div>Name: <%= URI.decode(@model["model_name"]) %></div>
    5:   <div>Model Id: <%= @model["model_id"] %></div>
  app/views/models/show.html.erb:2:in `_app_views_models_show_html_erb___183243162_49028316'


  Rendered C:/RailsInstaller/Ruby2.0.0/lib/ruby/gems/2.0.0/gems/actionpack-4.1.8/lib/action_dispatch/middleware/templates/rescues/_trace.html.erb (1.0ms)
  Rendered C:/RailsInstaller/Ruby2.0.0/lib/ruby/gems/2.0.0/gems/actionpack-4.1.8/lib/action_dispatch/middleware/templates/rescues/_request_and_response.html.erb (0.0ms)
  Rendered C:/RailsInstaller/Ruby2.0.0/lib/ruby/gems/2.0.0/gems/actionpack-4.1.8/lib/action_dispatch/middleware/templates/rescues/template_error.html.erb within rescues/layout (14.0ms)


Started GET "/models/108dedbf-8c8f-4fe1-838c-be26200f4eb3" for 127.0.0.1 at 2016-03-02 21:05:39 +0800
Processing by ModelsController#show as HTML
  Parameters: {"id"=>"108dedbf-8c8f-4fe1-838c-be26200f4eb3"}
  Rendered models/show.html.erb within layouts/application (2.0ms)
Completed 200 OK in 2046ms (Views: 104.0ms | ActiveRecord: 0.0ms)


Started GET "/assets/welcome.css?body=1" for 127.0.0.1 at 2016-03-02 21:05:41 +0800


Started GET "/assets/sessions.css?body=1" for 127.0.0.1 at 2016-03-02 21:05:41 +0800


Started GET "/assets/application.css?body=1" for 127.0.0.1 at 2016-03-02 21:05:41 +0800


Started GET "/assets/projects.css?body=1" for 127.0.0.1 at 2016-03-02 21:05:41 +0800


Started GET "/assets/models.css?body=1" for 127.0.0.1 at 2016-03-02 21:05:41 +0800


Started GET "/assets/glue_views.css?body=1" for 127.0.0.1 at 2016-03-02 21:05:41 +0800


Started GET "/assets/jquery.js?body=1" for 127.0.0.1 at 2016-03-02 21:05:41 +0800


Started GET "/assets/jquery_ujs.js?body=1" for 127.0.0.1 at 2016-03-02 21:05:41 +0800


Started GET "/assets/turbolinks.js?body=1" for 127.0.0.1 at 2016-03-02 21:05:42 +0800


Started GET "/assets/glue_views.js?body=1" for 127.0.0.1 at 2016-03-02 21:05:42 +0800


Started GET "/assets/projects.js?body=1" for 127.0.0.1 at 2016-03-02 21:05:42 +0800


Started GET "/assets/sessions.js?body=1" for 127.0.0.1 at 2016-03-02 21:05:42 +0800


Started GET "/assets/models.js?body=1" for 127.0.0.1 at 2016-03-02 21:05:42 +0800


Started GET "/assets/welcome.js?body=1" for 127.0.0.1 at 2016-03-02 21:05:42 +0800


Started GET "/assets/application.js?body=1" for 127.0.0.1 at 2016-03-02 21:05:42 +0800


Started GET "/glue_views/97069ecf-b3bb-4370-8b55-4d7290b01ca2?model_id=108dedbf-8c8f-4fe1-838c-be26200f4eb3&model_name=ARC%2BALL.dwf&name=Duplicated" for 127.0.0.1 at 2016-03-02 21:05:45 +0800
Processing by GlueViewsController#show as HTML
  Parameters: {"model_id"=>"108dedbf-8c8f-4fe1-838c-be26200f4eb3", "model_name"=>"ARC+ALL.dwf", "name"=>"Duplicated", "id"=>"97069ecf-b3bb-4370-8b55-4d7290b01ca2"}
  Rendered glue_views/show.html.erb within layouts/application (1.0ms)
Completed 200 OK in 109ms (Views: 107.0ms | ActiveRecord: 0.0ms)


Started GET "/projects/1e7e5e8d-fea8-49cd-8e5b-76058f0ee3b6" for 127.0.0.1 at 2016-03-02 21:47:50 +0800
Processing by ProjectsController#show as HTML
  Parameters: {"id"=>"1e7e5e8d-fea8-49cd-8e5b-76058f0ee3b6"}
Redirected to http://localhost:3000/login
Completed 302 Found in 1673ms (ActiveRecord: 0.0ms)


Started GET "/login" for 127.0.0.1 at 2016-03-02 21:47:52 +0800
Processing by SessionsController#new as HTML
  Rendered sessions/new.html.erb within layouts/application (7.0ms)
Completed 200 OK in 152ms (Views: 152.0ms | ActiveRecord: 0.0ms)


Started GET "/assets/glue_views.css?body=1" for 127.0.0.1 at 2016-03-02 21:47:52 +0800


Started GET "/assets/jquery.js?body=1" for 127.0.0.1 at 2016-03-02 21:47:52 +0800


Started GET "/assets/models.css?body=1" for 127.0.0.1 at 2016-03-02 21:47:52 +0800


Started GET "/assets/projects.css?body=1" for 127.0.0.1 at 2016-03-02 21:47:52 +0800


Started GET "/assets/sessions.css?body=1" for 127.0.0.1 at 2016-03-02 21:47:52 +0800


Started GET "/assets/welcome.css?body=1" for 127.0.0.1 at 2016-03-02 21:47:52 +0800


Started GET "/assets/application.css?body=1" for 127.0.0.1 at 2016-03-02 21:47:52 +0800


Started GET "/assets/jquery_ujs.js?body=1" for 127.0.0.1 at 2016-03-02 21:47:52 +0800


Started GET "/assets/turbolinks.js?body=1" for 127.0.0.1 at 2016-03-02 21:47:52 +0800


Started GET "/assets/models.js?body=1" for 127.0.0.1 at 2016-03-02 21:47:52 +0800


Started GET "/assets/glue_views.js?body=1" for 127.0.0.1 at 2016-03-02 21:47:52 +0800


Started GET "/assets/projects.js?body=1" for 127.0.0.1 at 2016-03-02 21:47:52 +0800


Started GET "/assets/sessions.js?body=1" for 127.0.0.1 at 2016-03-02 21:47:52 +0800


Started GET "/assets/welcome.js?body=1" for 127.0.0.1 at 2016-03-02 21:47:52 +0800


Started GET "/assets/application.js?body=1" for 127.0.0.1 at 2016-03-02 21:47:52 +0800


Started POST "/login" for 127.0.0.1 at 2016-03-02 21:47:57 +0800
Processing by SessionsController#create as HTML
  Parameters: {"utf8"=>"✓", "authenticity_token"=>"ho+4H7+t6ZUQK2zqWn+QzArkaqiqqud25BkuwooRFsQ=", "session"=>{"login_name"=>"aaron.lu@autodesk.com", "password"=>"[FILTERED]"}, "commit"=>"Sign In"}
  Rendered sessions/new.html.erb within layouts/application (2.0ms)
Completed 200 OK in 1758ms (Views: 100.0ms | ActiveRecord: 0.0ms)


Started GET "/assets/projects.css?body=1" for 127.0.0.1 at 2016-03-02 21:47:59 +0800


Started GET "/assets/sessions.css?body=1" for 127.0.0.1 at 2016-03-02 21:47:59 +0800


Started GET "/assets/models.css?body=1" for 127.0.0.1 at 2016-03-02 21:47:59 +0800


Started GET "/assets/welcome.css?body=1" for 127.0.0.1 at 2016-03-02 21:47:59 +0800


Started GET "/assets/glue_views.css?body=1" for 127.0.0.1 at 2016-03-02 21:47:59 +0800


Started GET "/assets/jquery_ujs.js?body=1" for 127.0.0.1 at 2016-03-02 21:47:59 +0800


Started GET "/assets/turbolinks.js?body=1" for 127.0.0.1 at 2016-03-02 21:47:59 +0800


Started GET "/assets/jquery.js?body=1" for 127.0.0.1 at 2016-03-02 21:47:59 +0800


Started GET "/assets/glue_views.js?body=1" for 127.0.0.1 at 2016-03-02 21:47:59 +0800


Started GET "/assets/models.js?body=1" for 127.0.0.1 at 2016-03-02 21:47:59 +0800


Started GET "/assets/projects.js?body=1" for 127.0.0.1 at 2016-03-02 21:47:59 +0800


Started GET "/assets/sessions.js?body=1" for 127.0.0.1 at 2016-03-02 21:47:59 +0800


Started GET "/assets/welcome.js?body=1" for 127.0.0.1 at 2016-03-02 21:47:59 +0800


Started GET "/assets/application.js?body=1" for 127.0.0.1 at 2016-03-02 21:47:59 +0800


Started POST "/login" for 127.0.0.1 at 2016-03-02 21:48:08 +0800
Processing by SessionsController#create as HTML
  Parameters: {"utf8"=>"✓", "authenticity_token"=>"ho+4H7+t6ZUQK2zqWn+QzArkaqiqqud25BkuwooRFsQ=", "session"=>{"login_name"=>"aaron.lu@autodesk.com", "password"=>"[FILTERED]"}, "commit"=>"Sign In"}
  Rendered sessions/new.html.erb within layouts/application (1.0ms)
Completed 200 OK in 1762ms (Views: 120.0ms | ActiveRecord: 0.0ms)


Started GET "/assets/models.css?body=1" for 127.0.0.1 at 2016-03-02 21:48:10 +0800


Started GET "/assets/projects.css?body=1" for 127.0.0.1 at 2016-03-02 21:48:10 +0800


Started GET "/assets/sessions.css?body=1" for 127.0.0.1 at 2016-03-02 21:48:10 +0800


Started GET "/assets/glue_views.css?body=1" for 127.0.0.1 at 2016-03-02 21:48:10 +0800


Started GET "/assets/jquery.js?body=1" for 127.0.0.1 at 2016-03-02 21:48:10 +0800


Started GET "/assets/welcome.css?body=1" for 127.0.0.1 at 2016-03-02 21:48:10 +0800


Started GET "/assets/turbolinks.js?body=1" for 127.0.0.1 at 2016-03-02 21:48:10 +0800


Started GET "/assets/jquery_ujs.js?body=1" for 127.0.0.1 at 2016-03-02 21:48:10 +0800


Started GET "/assets/glue_views.js?body=1" for 127.0.0.1 at 2016-03-02 21:48:10 +0800


Started GET "/assets/models.js?body=1" for 127.0.0.1 at 2016-03-02 21:48:10 +0800


Started GET "/assets/projects.js?body=1" for 127.0.0.1 at 2016-03-02 21:48:10 +0800


Started GET "/assets/sessions.js?body=1" for 127.0.0.1 at 2016-03-02 21:48:10 +0800


Started GET "/assets/welcome.js?body=1" for 127.0.0.1 at 2016-03-02 21:48:10 +0800


Started GET "/assets/application.js?body=1" for 127.0.0.1 at 2016-03-02 21:48:10 +0800


Started GET "/" for 127.0.0.1 at 2016-03-02 21:48:40 +0800
Processing by WelcomeController#index as HTML
  Rendered welcome/index.html.erb within layouts/application (1.0ms)
Completed 200 OK in 64ms (Views: 64.0ms | ActiveRecord: 0.0ms)


Started GET "/assets/glue_views.css?body=1" for 127.0.0.1 at 2016-03-02 21:48:41 +0800


Started GET "/assets/jquery_ujs.js?body=1" for 127.0.0.1 at 2016-03-02 21:48:41 +0800


Started GET "/assets/models.css?body=1" for 127.0.0.1 at 2016-03-02 21:48:41 +0800


Started GET "/assets/turbolinks.js?body=1" for 127.0.0.1 at 2016-03-02 21:48:41 +0800


Started GET "/assets/projects.css?body=1" for 127.0.0.1 at 2016-03-02 21:48:41 +0800


Started GET "/assets/sessions.css?body=1" for 127.0.0.1 at 2016-03-02 21:48:41 +0800


Started GET "/assets/glue_views.js?body=1" for 127.0.0.1 at 2016-03-02 21:48:41 +0800


Started GET "/assets/models.js?body=1" for 127.0.0.1 at 2016-03-02 21:48:41 +0800


Started GET "/assets/welcome.css?body=1" for 127.0.0.1 at 2016-03-02 21:48:41 +0800


Started GET "/assets/projects.js?body=1" for 127.0.0.1 at 2016-03-02 21:48:41 +0800


Started GET "/assets/jquery.js?body=1" for 127.0.0.1 at 2016-03-02 21:48:41 +0800


Started GET "/assets/sessions.js?body=1" for 127.0.0.1 at 2016-03-02 21:48:41 +0800


Started GET "/assets/welcome.js?body=1" for 127.0.0.1 at 2016-03-02 21:48:41 +0800


Started GET "/assets/application.js?body=1" for 127.0.0.1 at 2016-03-02 21:48:41 +0800


Started GET "/login" for 127.0.0.1 at 2016-03-02 21:48:43 +0800
Processing by SessionsController#new as HTML
  Rendered sessions/new.html.erb within layouts/application (1.0ms)
Completed 200 OK in 91ms (Views: 90.0ms | ActiveRecord: 0.0ms)
